2020-06-28 20:55:56,047 Process-3  10.248.10.100:554,1 CRITICAL red-hat-in-area
2020-06-28 20:55:59,496 Process-7  10.248.10.100:554,1 CRITICAL red-hat-in-area
2020-06-28 21:06:16,337 Process-3  10.248.10.100:554,1 CRITICAL red-hat-in-area
2020-06-28 21:06:16,781 Process-7  10.248.10.100:554,1 CRITICAL red-hat-in-area
2020-06-28 21:06:20,806 Process-3  10.248.10.100:554,1 CRITICAL red-hat-in-area
2020-06-28 21:06:21,579 Process-7  10.248.10.100:554,1 CRITICAL red-hat-in-area
2020-06-28 21:06:25,243 Process-3  10.248.10.100:554,1 CRITICAL red-hat-in-area
2020-06-28 21:06:25,808 Process-7  10.248.10.100:554,1 CRITICAL red-hat-in-area
2020-06-28 21:06:29,541 Process-3  10.248.10.100:554,1 CRITICAL red-hat-in-area
2020-06-28 21:06:29,919 Process-7  10.248.10.100:554,1 CRITICAL red-hat-in-area
2020-06-28 21:06:33,791 Process-3  10.248.10.100:554,1 CRITICAL red-hat-in-area
2020-06-28 21:06:34,183 Process-7  10.248.10.100:554,1 CRITICAL red-hat-in-area
2020-06-28 21:06:37,896 Process-3  10.248.10.100:554,1 CRITICAL red-hat-in-area
2020-06-28 21:06:38,826 Process-7  10.248.10.100:554,1 CRITICAL red-hat-in-area
2020-06-28 21:06:47,066 Process-7  10.248.10.100:554,1 CRITICAL red-hat-in-area
2020-06-28 21:06:48,545 Process-3  10.248.10.100:554,1 CRITICAL red-hat-in-area
2020-06-28 21:06:51,280 Process-7  10.248.10.100:554,1 CRITICAL red-hat-in-area
2020-06-28 21:06:52,906 Process-3  10.248.10.100:554,1 CRITICAL red-hat-in-area
2020-06-28 21:06:55,820 Process-7  10.248.10.100:554,1 CRITICAL red-hat-in-area
2020-06-29 09:09:37,473 Process-7 10.248.10.100:554,1 CRITICAL red-hat-in-area
2020-06-29 09:09:42,052 Process-7 10.248.10.100:554,1 CRITICAL red-hat-in-area
2020-06-29 09:09:42,341 Process-3 10.248.10.100:554,1 CRITICAL red-hat-in-area
2020-06-29 09:09:46,603 Process-3 10.248.10.100:554,1 CRITICAL red-hat-in-area
2020-06-29 09:09:46,668 Process-7 10.248.10.100:554,1 CRITICAL red-hat-in-area
2020-06-29 09:09:51,207 Process-7 10.248.10.100:554,1 CRITICAL red-hat-in-area
2020-06-29 09:09:51,441 Process-3 10.248.10.100:554,1 CRITICAL red-hat-in-area
2020-07-17 10:38:40,564 Process-5 0 CRITICAL yellow-hat-in-area
2020-07-17 11:05:30,995 Process-5 0 CRITICAL yellow-hat-in-area
2020-07-17 11:06:54,243 Process-5 0 CRITICAL yellow-hat-in-area
2020-07-17 11:06:56,521 Process-5 0 CRITICAL yellow-hat-in-area
2020-07-17 11:12:41,475 Process-6 1 CRITICAL yellow-hat-in-area
2020-07-17 11:12:42,161 Process-6 1 CRITICAL yellow-hat-in-area
2020-07-17 11:12:50,588 Process-6 1 CRITICAL yellow-hat-in-area
2020-07-17 11:12:53,515 Process-6 1 CRITICAL yellow-hat-in-area
2020-07-17 11:12:54,198 Process-6 1 CRITICAL yellow-hat-in-area
2020-07-17 11:13:30,534 Process-5 0 CRITICAL yellow-hat-in-area
2020-07-17 15:02:19,609 Process-6 1 CRITICAL yellow-hat-in-area
2020-07-17 15:03:25,795 Process-6 1 CRITICAL yellow-hat-in-area
2020-07-17 15:03:33,675 Process-6 1 CRITICAL yellow-hat-in-area
2020-07-17 15:03:53,987 Process-6 1 CRITICAL yellow-hat-in-area
2020-07-17 15:04:26,105 Process-6 1 CRITICAL yellow-hat-in-area
2020-07-17 15:04:46,975 Process-6 1 CRITICAL yellow-hat-in-area
2020-07-17 15:05:04,713 Process-6 1 CRITICAL red-hat-in-area
2020-07-17 15:05:05,151 Process-5 0 CRITICAL red-hat-in-area
2020-07-17 15:05:09,448 Process-5 0 CRITICAL red-hat-in-area
2020-07-17 15:05:10,856 Process-6 1 CRITICAL red-hat-in-area
2020-07-17 15:05:14,143 Process-5 0 CRITICAL red-hat-in-area
2020-07-17 15:05:15,293 Process-6 1 CRITICAL red-hat-in-area
2020-07-17 15:05:18,848 Process-5 0 CRITICAL red-hat-in-area
2020-07-17 15:05:19,842 Process-6 1 CRITICAL red-hat-in-area
2020-07-17 15:16:27,331 Process-6 1 CRITICAL red-hat-in-area
2020-07-17 15:16:28,541 Process-6 1 CRITICAL red-hat-in-area
2020-07-17 15:16:29,748 Process-6 1 CRITICAL red-hat-in-area
2020-07-17 15:16:31,007 Process-6 1 CRITICAL red-hat-in-area
2020-07-17 15:16:32,209 Process-6 1 CRITICAL red-hat-in-area
2020-07-17 15:16:34,080 Process-6 1 CRITICAL red-hat-in-area
2020-07-17 15:16:35,384 Process-6 1 CRITICAL red-hat-in-area
2020-07-17 15:16:36,699 Process-6 1 CRITICAL red-hat-in-area
2020-07-17 15:16:37,899 Process-6 1 CRITICAL red-hat-in-area
2020-07-17 15:16:39,135 Process-6 1 CRITICAL red-hat-in-area
2020-07-17 15:16:41,970 Process-5 0 CRITICAL red-hat-in-area
2020-07-17 15:16:43,041 Process-6 1 CRITICAL red-hat-in-area
2020-07-17 15:16:46,386 Process-5 0 CRITICAL red-hat-in-area
2020-07-17 15:16:47,322 Process-6 1 CRITICAL red-hat-in-area
2020-07-17 15:20:53,434 Process-6 1 CRITICAL red-hat-in-area
2020-07-17 15:20:54,080 Process-6 1 CRITICAL red-hat-in-area
2020-07-17 15:20:54,665 Process-6 1 CRITICAL red-hat-in-area
2020-07-17 15:20:55,302 Process-6 1 CRITICAL red-hat-in-area
2020-07-17 15:20:56,017 Process-6 1 CRITICAL red-hat-in-area
2020-07-17 15:20:56,669 Process-6 1 CRITICAL red-hat-in-area
2020-07-17 15:20:57,331 Process-6 1 CRITICAL red-hat-in-area
2020-07-17 15:20:57,904 Process-6 1 CRITICAL red-hat-in-area
2020-07-17 15:20:58,597 Process-6 1 CRITICAL red-hat-in-area
2020-07-17 15:20:59,135 Process-6 1 CRITICAL red-hat-in-area
2020-07-17 15:20:59,888 Process-6 1 CRITICAL red-hat-in-area
2020-07-17 15:21:00,451 Process-6 1 CRITICAL red-hat-in-area
2020-07-17 15:21:01,060 Process-6 1 CRITICAL red-hat-in-area
2020-07-17 15:21:01,679 Process-6 1 CRITICAL red-hat-in-area
2020-07-17 15:21:02,362 Process-6 1 CRITICAL red-hat-in-area
2020-07-17 15:21:02,997 Process-6 1 CRITICAL red-hat-in-area
2020-07-17 15:21:03,643 Process-6 1 CRITICAL red-hat-in-area
2020-07-17 15:21:04,901 Process-6 1 CRITICAL red-hat-in-area
2020-07-17 15:21:05,523 Process-6 1 CRITICAL red-hat-in-area
2020-07-17 15:21:09,383 Process-5 0 CRITICAL red-hat-in-area
2020-07-17 15:21:10,263 Process-6 1 CRITICAL red-hat-in-area
2020-07-17 15:21:11,357 Process-6 1 CRITICAL red-hat-in-area
2020-07-17 15:21:12,023 Process-6 1 CRITICAL red-hat-in-area
2020-07-17 15:21:12,775 Process-6 1 CRITICAL red-hat-in-area
2020-07-17 15:21:55,859 Process-6 1 CRITICAL red-hat-in-area
2020-07-17 15:21:56,026 Process-6 1 CRITICAL red-hat-in-area
2020-07-17 15:21:56,647 Process-6 1 CRITICAL red-hat-in-area
2020-07-17 15:21:57,282 Process-6 1 CRITICAL red-hat-in-area
2020-07-17 15:21:57,925 Process-6 1 CRITICAL red-hat-in-area
2020-07-17 15:21:58,571 Process-6 1 CRITICAL red-hat-in-area
2020-07-17 15:21:59,244 Process-6 1 CRITICAL red-hat-in-area
2020-07-17 15:22:00,651 Process-6 1 CRITICAL red-hat-in-area
2020-07-17 15:22:04,446 Process-6 1 CRITICAL red-hat-in-area
2020-07-17 15:22:04,652 Process-5 0 CRITICAL red-hat-in-area
2020-07-17 15:22:07,735 Process-5 0 CRITICAL red-hat-in-area
2020-07-17 15:22:07,983 Process-6 1 CRITICAL red-hat-in-area
2020-07-17 15:22:10,926 Process-6 1 CRITICAL red-hat-in-area
2020-07-17 15:22:10,943 Process-5 0 CRITICAL red-hat-in-area
2020-07-17 15:22:14,141 Process-6 1 CRITICAL red-hat-in-area
2020-07-17 15:22:14,160 Process-5 0 CRITICAL red-hat-in-area
2020-07-17 15:22:16,718 Process-6 1 CRITICAL red-hat-in-area
2020-07-17 15:22:17,700 Process-5 0 CRITICAL red-hat-in-area
2020-07-17 17:00:50,397 Process-5 0 CRITICAL red-hat-in-area
2020-07-17 17:16:40,771 Process-6 1 CRITICAL red-hat-in-area
2020-07-17 17:16:41,204 Process-5 0 CRITICAL red-hat-in-area
2020-07-20 20:44:53,564 Process-5 0 CRITICAL red-hat-in-area
2020-07-20 20:44:55,211 Process-5 0 CRITICAL red-hat-in-area
2020-07-20 20:44:56,992 Process-5 0 CRITICAL red-hat-in-area
2020-07-20 20:47:39,306 Process-5 0 CRITICAL red-hat-in-area
2020-07-20 20:47:41,155 Process-5 0 CRITICAL red-hat-in-area
2020-07-20 20:47:42,763 Process-5 0 CRITICAL red-hat-in-area
2020-07-20 20:49:33,755 Process-5 0 CRITICAL red-hat-in-area
2020-07-20 20:49:35,455 Process-5 0 CRITICAL red-hat-in-area
2020-07-20 20:49:37,123 Process-5 0 CRITICAL red-hat-in-area
2020-07-20 20:50:40,336 Process-5 0 CRITICAL red-hat-in-area
2020-07-20 20:50:41,962 Process-5 0 CRITICAL red-hat-in-area
2020-07-20 20:50:43,559 Process-5 0 CRITICAL red-hat-in-area
2020-07-20 20:59:23,855 Process-5 0 CRITICAL yellow-hat-in-area
2020-07-20 21:01:55,023 Process-5 0 CRITICAL red-hat-in-area
2020-07-20 21:04:42,650 Process-5 0 CRITICAL red-hat-in-area
2020-07-20 21:04:42,673 Process-5 urllib3.connectionpool DEBUG    Starting new HTTPS connection (1): qyapi.weixin.qq.com:443
2020-07-20 21:04:42,868 Process-5 urllib3.connectionpool DEBUG    https://qyapi.weixin.qq.com:443 "GET /cgi-bin/gettoken?corpid=wx40c0bdcf28eccde7&corpsecret=_LZvN0nbAfMZibg2FJzHOUT1p8FiVcHrWTtB8jT_Ato HTTP/1.1" 200 277
2020-07-20 21:06:59,321 Process-5 0 CRITICAL red-hat-in-area
2020-07-20 21:06:59,376 Process-5 urllib3.connectionpool DEBUG    Starting new HTTPS connection (1): qyapi.weixin.qq.com:443
2020-07-20 21:06:59,619 Process-5 urllib3.connectionpool DEBUG    https://qyapi.weixin.qq.com:443 "GET /cgi-bin/gettoken?corpid=wx40c0bdcf28eccde7&corpsecret=_LZvN0nbAfMZibg2FJzHOUT1p8FiVcHrWTtB8jT_Ato HTTP/1.1" 200 277
2020-07-20 21:06:59,623 Process-5 urllib3.connectionpool DEBUG    Starting new HTTPS connection (1): qyapi.weixin.qq.com:443
2020-07-20 21:06:59,860 Process-5 urllib3.connectionpool DEBUG    https://qyapi.weixin.qq.com:443 "POST /cgi-bin/media/upload?access_token=8fdrAKtRmlq42nLluMkY2p7XYHcOHFVn9c46Wh0zSpFQIaU_JBhhw5RRq-jvCz1alswNIovqn8S39KTt-EQxYhVHk5EBAgvr9UzjcJaT_48UqMc0JhxtyHvc7jTQauDibNMIq92KYh8o7UJMAjeVT7fQqW9QusrfQnqMnHeEXgMEm_IMpat2ehuI8xvPMhSKH2cp1gXraltgIakW-65ZIg&type=file HTTP/1.1" 200 146
2020-07-20 21:06:59,863 Process-5 urllib3.connectionpool DEBUG    Starting new HTTPS connection (1): qyapi.weixin.qq.com:443
2020-07-20 21:07:00,014 Process-5 urllib3.connectionpool DEBUG    https://qyapi.weixin.qq.com:443 "POST /cgi-bin/message/send?access_token=8fdrAKtRmlq42nLluMkY2p7XYHcOHFVn9c46Wh0zSpFQIaU_JBhhw5RRq-jvCz1alswNIovqn8S39KTt-EQxYhVHk5EBAgvr9UzjcJaT_48UqMc0JhxtyHvc7jTQauDibNMIq92KYh8o7UJMAjeVT7fQqW9QusrfQnqMnHeEXgMEm_IMpat2ehuI8xvPMhSKH2cp1gXraltgIakW-65ZIg HTTP/1.1" 200 239
2020-07-20 21:07:00,021 Process-5 urllib3.connectionpool DEBUG    Starting new HTTPS connection (1): qyapi.weixin.qq.com:443
2020-07-20 21:07:00,168 Process-5 urllib3.connectionpool DEBUG    https://qyapi.weixin.qq.com:443 "POST /cgi-bin/message/send?access_token=8fdrAKtRmlq42nLluMkY2p7XYHcOHFVn9c46Wh0zSpFQIaU_JBhhw5RRq-jvCz1alswNIovqn8S39KTt-EQxYhVHk5EBAgvr9UzjcJaT_48UqMc0JhxtyHvc7jTQauDibNMIq92KYh8o7UJMAjeVT7fQqW9QusrfQnqMnHeEXgMEm_IMpat2ehuI8xvPMhSKH2cp1gXraltgIakW-65ZIg HTTP/1.1" 200 52
2020-07-20 21:10:22,392 Process-5 0 CRITICAL red-hat-in-area
2020-07-20 21:10:22,424 Process-5 urllib3.connectionpool DEBUG    Starting new HTTPS connection (1): qyapi.weixin.qq.com:443
2020-07-20 21:10:22,545 Process-5 urllib3.connectionpool DEBUG    https://qyapi.weixin.qq.com:443 "GET /cgi-bin/gettoken?corpid=wx40c0bdcf28eccde7&corpsecret=_LZvN0nbAfMZibg2FJzHOUT1p8FiVcHrWTtB8jT_Ato HTTP/1.1" 200 277
2020-07-20 21:10:22,550 Process-5 urllib3.connectionpool DEBUG    Starting new HTTPS connection (1): qyapi.weixin.qq.com:443
2020-07-20 21:10:22,824 Process-5 urllib3.connectionpool DEBUG    https://qyapi.weixin.qq.com:443 "POST /cgi-bin/media/upload?access_token=8fdrAKtRmlq42nLluMkY2p7XYHcOHFVn9c46Wh0zSpFQIaU_JBhhw5RRq-jvCz1alswNIovqn8S39KTt-EQxYhVHk5EBAgvr9UzjcJaT_48UqMc0JhxtyHvc7jTQauDibNMIq92KYh8o7UJMAjeVT7fQqW9QusrfQnqMnHeEXgMEm_IMpat2ehuI8xvPMhSKH2cp1gXraltgIakW-65ZIg&type=file HTTP/1.1" 200 146
2020-07-20 21:10:22,829 Process-5 urllib3.connectionpool DEBUG    Starting new HTTPS connection (1): qyapi.weixin.qq.com:443
2020-07-20 21:10:22,962 Process-5 urllib3.connectionpool DEBUG    https://qyapi.weixin.qq.com:443 "POST /cgi-bin/message/send?access_token=8fdrAKtRmlq42nLluMkY2p7XYHcOHFVn9c46Wh0zSpFQIaU_JBhhw5RRq-jvCz1alswNIovqn8S39KTt-EQxYhVHk5EBAgvr9UzjcJaT_48UqMc0JhxtyHvc7jTQauDibNMIq92KYh8o7UJMAjeVT7fQqW9QusrfQnqMnHeEXgMEm_IMpat2ehuI8xvPMhSKH2cp1gXraltgIakW-65ZIg HTTP/1.1" 200 239
2020-07-20 21:10:22,966 Process-5 urllib3.connectionpool DEBUG    Starting new HTTPS connection (1): qyapi.weixin.qq.com:443
2020-07-20 21:10:23,117 Process-5 urllib3.connectionpool DEBUG    https://qyapi.weixin.qq.com:443 "POST /cgi-bin/message/send?access_token=8fdrAKtRmlq42nLluMkY2p7XYHcOHFVn9c46Wh0zSpFQIaU_JBhhw5RRq-jvCz1alswNIovqn8S39KTt-EQxYhVHk5EBAgvr9UzjcJaT_48UqMc0JhxtyHvc7jTQauDibNMIq92KYh8o7UJMAjeVT7fQqW9QusrfQnqMnHeEXgMEm_IMpat2ehuI8xvPMhSKH2cp1gXraltgIakW-65ZIg HTTP/1.1" 200 52
2020-07-20 21:11:36,463 Process-5 0 CRITICAL red-hat-in-area
2020-07-20 21:11:36,539 Process-5 urllib3.connectionpool DEBUG    Starting new HTTPS connection (1): qyapi.weixin.qq.com:443
2020-07-20 21:11:36,692 Process-5 urllib3.connectionpool DEBUG    https://qyapi.weixin.qq.com:443 "GET /cgi-bin/gettoken?corpid=wx40c0bdcf28eccde7&corpsecret=_LZvN0nbAfMZibg2FJzHOUT1p8FiVcHrWTtB8jT_Ato HTTP/1.1" 200 277
2020-07-20 21:11:36,696 Process-5 urllib3.connectionpool DEBUG    Starting new HTTPS connection (1): qyapi.weixin.qq.com:443
2020-07-20 21:11:36,976 Process-5 urllib3.connectionpool DEBUG    https://qyapi.weixin.qq.com:443 "POST /cgi-bin/media/upload?access_token=8fdrAKtRmlq42nLluMkY2p7XYHcOHFVn9c46Wh0zSpFQIaU_JBhhw5RRq-jvCz1alswNIovqn8S39KTt-EQxYhVHk5EBAgvr9UzjcJaT_48UqMc0JhxtyHvc7jTQauDibNMIq92KYh8o7UJMAjeVT7fQqW9QusrfQnqMnHeEXgMEm_IMpat2ehuI8xvPMhSKH2cp1gXraltgIakW-65ZIg&type=file HTTP/1.1" 200 146
2020-07-20 21:11:36,979 Process-5 urllib3.connectionpool DEBUG    Starting new HTTPS connection (1): qyapi.weixin.qq.com:443
2020-07-20 21:11:37,145 Process-5 urllib3.connectionpool DEBUG    https://qyapi.weixin.qq.com:443 "POST /cgi-bin/message/send?access_token=8fdrAKtRmlq42nLluMkY2p7XYHcOHFVn9c46Wh0zSpFQIaU_JBhhw5RRq-jvCz1alswNIovqn8S39KTt-EQxYhVHk5EBAgvr9UzjcJaT_48UqMc0JhxtyHvc7jTQauDibNMIq92KYh8o7UJMAjeVT7fQqW9QusrfQnqMnHeEXgMEm_IMpat2ehuI8xvPMhSKH2cp1gXraltgIakW-65ZIg HTTP/1.1" 200 239
2020-07-20 21:11:37,148 Process-5 urllib3.connectionpool DEBUG    Starting new HTTPS connection (1): qyapi.weixin.qq.com:443
2020-07-20 21:11:37,292 Process-5 urllib3.connectionpool DEBUG    https://qyapi.weixin.qq.com:443 "POST /cgi-bin/message/send?access_token=8fdrAKtRmlq42nLluMkY2p7XYHcOHFVn9c46Wh0zSpFQIaU_JBhhw5RRq-jvCz1alswNIovqn8S39KTt-EQxYhVHk5EBAgvr9UzjcJaT_48UqMc0JhxtyHvc7jTQauDibNMIq92KYh8o7UJMAjeVT7fQqW9QusrfQnqMnHeEXgMEm_IMpat2ehuI8xvPMhSKH2cp1gXraltgIakW-65ZIg HTTP/1.1" 200 52
2020-07-20 21:11:39,085 Process-5 0 CRITICAL red-hat-in-area
2020-07-20 21:11:39,119 Process-5 urllib3.connectionpool DEBUG    Starting new HTTPS connection (1): qyapi.weixin.qq.com:443
2020-07-20 21:11:39,252 Process-5 urllib3.connectionpool DEBUG    https://qyapi.weixin.qq.com:443 "GET /cgi-bin/gettoken?corpid=wx40c0bdcf28eccde7&corpsecret=_LZvN0nbAfMZibg2FJzHOUT1p8FiVcHrWTtB8jT_Ato HTTP/1.1" 200 277
2020-07-20 21:11:39,258 Process-5 urllib3.connectionpool DEBUG    Starting new HTTPS connection (1): qyapi.weixin.qq.com:443
2020-07-20 21:13:35,088 Process-5 0 CRITICAL red-hat-in-area
2020-07-20 21:13:35,147 Process-5 urllib3.connectionpool DEBUG    Starting new HTTPS connection (1): qyapi.weixin.qq.com:443
2020-07-20 21:13:35,316 Process-5 urllib3.connectionpool DEBUG    https://qyapi.weixin.qq.com:443 "GET /cgi-bin/gettoken?corpid=wx40c0bdcf28eccde7&corpsecret=_LZvN0nbAfMZibg2FJzHOUT1p8FiVcHrWTtB8jT_Ato HTTP/1.1" 200 277
2020-07-20 21:13:35,323 Process-5 urllib3.connectionpool DEBUG    Starting new HTTPS connection (1): qyapi.weixin.qq.com:443
2020-07-20 21:13:35,589 Process-5 urllib3.connectionpool DEBUG    https://qyapi.weixin.qq.com:443 "POST /cgi-bin/media/upload?access_token=8fdrAKtRmlq42nLluMkY2p7XYHcOHFVn9c46Wh0zSpFQIaU_JBhhw5RRq-jvCz1alswNIovqn8S39KTt-EQxYhVHk5EBAgvr9UzjcJaT_48UqMc0JhxtyHvc7jTQauDibNMIq92KYh8o7UJMAjeVT7fQqW9QusrfQnqMnHeEXgMEm_IMpat2ehuI8xvPMhSKH2cp1gXraltgIakW-65ZIg&type=file HTTP/1.1" 200 146
2020-07-20 21:13:35,606 Process-5 urllib3.connectionpool DEBUG    Starting new HTTPS connection (1): qyapi.weixin.qq.com:443
2020-07-20 21:13:35,763 Process-5 urllib3.connectionpool DEBUG    https://qyapi.weixin.qq.com:443 "POST /cgi-bin/message/send?access_token=8fdrAKtRmlq42nLluMkY2p7XYHcOHFVn9c46Wh0zSpFQIaU_JBhhw5RRq-jvCz1alswNIovqn8S39KTt-EQxYhVHk5EBAgvr9UzjcJaT_48UqMc0JhxtyHvc7jTQauDibNMIq92KYh8o7UJMAjeVT7fQqW9QusrfQnqMnHeEXgMEm_IMpat2ehuI8xvPMhSKH2cp1gXraltgIakW-65ZIg HTTP/1.1" 200 239
2020-07-20 21:13:35,766 Process-5 urllib3.connectionpool DEBUG    Starting new HTTPS connection (1): qyapi.weixin.qq.com:443
2020-07-20 21:13:35,929 Process-5 urllib3.connectionpool DEBUG    https://qyapi.weixin.qq.com:443 "POST /cgi-bin/message/send?access_token=8fdrAKtRmlq42nLluMkY2p7XYHcOHFVn9c46Wh0zSpFQIaU_JBhhw5RRq-jvCz1alswNIovqn8S39KTt-EQxYhVHk5EBAgvr9UzjcJaT_48UqMc0JhxtyHvc7jTQauDibNMIq92KYh8o7UJMAjeVT7fQqW9QusrfQnqMnHeEXgMEm_IMpat2ehuI8xvPMhSKH2cp1gXraltgIakW-65ZIg HTTP/1.1" 200 52
2020-07-20 21:16:17,216 Process-5 0 CRITICAL red-hat-in-area
2020-07-20 21:16:17,264 Process-5 urllib3.connectionpool DEBUG    Starting new HTTPS connection (1): qyapi.weixin.qq.com:443
2020-07-20 21:16:17,425 Process-5 urllib3.connectionpool DEBUG    https://qyapi.weixin.qq.com:443 "GET /cgi-bin/gettoken?corpid=wx40c0bdcf28eccde7&corpsecret=_LZvN0nbAfMZibg2FJzHOUT1p8FiVcHrWTtB8jT_Ato HTTP/1.1" 200 277
2020-07-20 21:16:17,430 Process-5 urllib3.connectionpool DEBUG    Starting new HTTPS connection (1): qyapi.weixin.qq.com:443
2020-07-20 21:16:17,672 Process-5 urllib3.connectionpool DEBUG    https://qyapi.weixin.qq.com:443 "POST /cgi-bin/media/upload?access_token=8fdrAKtRmlq42nLluMkY2p7XYHcOHFVn9c46Wh0zSpFQIaU_JBhhw5RRq-jvCz1alswNIovqn8S39KTt-EQxYhVHk5EBAgvr9UzjcJaT_48UqMc0JhxtyHvc7jTQauDibNMIq92KYh8o7UJMAjeVT7fQqW9QusrfQnqMnHeEXgMEm_IMpat2ehuI8xvPMhSKH2cp1gXraltgIakW-65ZIg&type=file HTTP/1.1" 200 146
2020-07-20 21:16:17,690 Process-5 urllib3.connectionpool DEBUG    Starting new HTTPS connection (1): qyapi.weixin.qq.com:443
2020-07-20 21:16:17,848 Process-5 urllib3.connectionpool DEBUG    https://qyapi.weixin.qq.com:443 "POST /cgi-bin/message/send?access_token=8fdrAKtRmlq42nLluMkY2p7XYHcOHFVn9c46Wh0zSpFQIaU_JBhhw5RRq-jvCz1alswNIovqn8S39KTt-EQxYhVHk5EBAgvr9UzjcJaT_48UqMc0JhxtyHvc7jTQauDibNMIq92KYh8o7UJMAjeVT7fQqW9QusrfQnqMnHeEXgMEm_IMpat2ehuI8xvPMhSKH2cp1gXraltgIakW-65ZIg HTTP/1.1" 200 52
2020-07-20 21:16:17,851 Process-5 urllib3.connectionpool DEBUG    Starting new HTTPS connection (1): qyapi.weixin.qq.com:443
2020-07-20 21:16:17,996 Process-5 urllib3.connectionpool DEBUG    https://qyapi.weixin.qq.com:443 "POST /cgi-bin/message/send?access_token=8fdrAKtRmlq42nLluMkY2p7XYHcOHFVn9c46Wh0zSpFQIaU_JBhhw5RRq-jvCz1alswNIovqn8S39KTt-EQxYhVHk5EBAgvr9UzjcJaT_48UqMc0JhxtyHvc7jTQauDibNMIq92KYh8o7UJMAjeVT7fQqW9QusrfQnqMnHeEXgMEm_IMpat2ehuI8xvPMhSKH2cp1gXraltgIakW-65ZIg HTTP/1.1" 200 52
